@storybook/cli v7.0.6

info => Cleaning outputDir: /var/folders/w7/_vgt_k691qj0zcvt0r2xq2d80000gn/T/chromatic--55510-0oHgoq3pf6Yj
info => Loading presets
WARN Could not resolve addon "@storybook/addon-ally", skipping. Is it installed?
WARN Could not resolve addon "@storybook/addon-ally", skipping. Is it installed?
info => Building manager..
info => Manager built (526 ms)
info => Copying static files: /Users/katyrosli/Documents/github/storybook-react-guide/taskbox/node_modules/@storybook/manager/static at /var/folders/w7/_vgt_k691qj0zcvt0r2xq2d80000gn/T/chromatic--55510-0oHgoq3pf6Yj/sb-common-assets
info => Copying static files: /Users/katyrosli/Documents/github/storybook-react-guide/taskbox/public at /var/folders/w7/_vgt_k691qj0zcvt0r2xq2d80000gn/T/chromatic--55510-0oHgoq3pf6Yj/
vite v4.2.2 building for production...

./sb-common-assets/fonts.css doesn't exist at build time, it will remain unchanged to be resolved at runtime
transforming...
Use of eval in "node_modules/telejson/dist/index.mjs" is strongly discouraged as it poses security risks and may cause issues with minification.
Use of eval in "node_modules/telejson/dist/index.mjs" is strongly discouraged as it poses security risks and may cause issues with minification.
✓ 1665 modules transformed.
rendering chunks...
warnings when minifying css:
▲ [WARNING] CSS nesting syntax is not supported in the configured target environment ("chrome87", "edge88", "es2020", "firefox78", "safari14") [unsupported-css-nesting]

    <stdin>:36:2:
      36 │   *vertical-align: middle;
         ╵   ^


▲ [WARNING] Expected identifier but found whitespace [css-syntax-error]

    <stdin>:36:18:
      36 │   *vertical-align: middle;
         ╵                   ^


▲ [WARNING] Unexpected ";" [css-syntax-error]

    <stdin>:36:25:
      36 │   *vertical-align: middle;
         ╵                          ^


computing gzip size...
../../../../../../var/folders/w7/_vgt_k691qj0zcvt0r2xq2d80000gn/T/chromatic--55510-0oHgoq3pf6Yj/iframe.html                                          12.58 kB
../../../../../../var/folders/w7/_vgt_k691qj0zcvt0r2xq2d80000gn/T/chromatic--55510-0oHgoq3pf6Yj/assets/percolate-dac75269.ttf                        34.04 kB
../../../../../../var/folders/w7/_vgt_k691qj0zcvt0r2xq2d80000gn/T/chromatic--55510-0oHgoq3pf6Yj/assets/percolate-ec979d96.woff                       34.11 kB
../../../../../../var/folders/w7/_vgt_k691qj0zcvt0r2xq2d80000gn/T/chromatic--55510-0oHgoq3pf6Yj/assets/percolate-5ed633c2.eot                        34.21 kB
../../../../../../var/folders/w7/_vgt_k691qj0zcvt0r2xq2d80000gn/T/chromatic--55510-0oHgoq3pf6Yj/assets/percolate-d13fa91b.svg                       140.51 kB
../../../../../../var/folders/w7/_vgt_k691qj0zcvt0r2xq2d80000gn/T/chromatic--55510-0oHgoq3pf6Yj/assets/preview-1c695a2b.css                           6.91 kB │ gzip:   2.08 kB
../../../../../../var/folders/w7/_vgt_k691qj0zcvt0r2xq2d80000gn/T/chromatic--55510-0oHgoq3pf6Yj/assets/index-d475d2ea.js                              0.21 kB │ gzip:   0.17 kB │ map:     0.85 kB
../../../../../../var/folders/w7/_vgt_k691qj0zcvt0r2xq2d80000gn/T/chromatic--55510-0oHgoq3pf6Yj/assets/_commonjs-dynamic-modules-302442b1.js          0.30 kB │ gzip:   0.24 kB │ map:     0.12 kB
../../../../../../var/folders/w7/_vgt_k691qj0zcvt0r2xq2d80000gn/T/chromatic--55510-0oHgoq3pf6Yj/assets/WithTooltip-FBT32F6Q-913c42ef.js               0.55 kB │ gzip:   0.32 kB │ map:     0.11 kB
../../../../../../var/folders/w7/_vgt_k691qj0zcvt0r2xq2d80000gn/T/chromatic--55510-0oHgoq3pf6Yj/assets/syntaxhighlighter-QTQ2UBB4-927f9c2a.js         0.57 kB │ gzip:   0.35 kB │ map:     0.12 kB
../../../../../../var/folders/w7/_vgt_k691qj0zcvt0r2xq2d80000gn/T/chromatic--55510-0oHgoq3pf6Yj/assets/index-6d7aa4ee.js                              0.62 kB │ gzip:   0.38 kB │ map:     4.31 kB
../../../../../../var/folders/w7/_vgt_k691qj0zcvt0r2xq2d80000gn/T/chromatic--55510-0oHgoq3pf6Yj/assets/preview-0435c720.js                            0.69 kB │ gzip:   0.49 kB │ map:     3.89 kB
../../../../../../var/folders/w7/_vgt_k691qj0zcvt0r2xq2d80000gn/T/chromatic--55510-0oHgoq3pf6Yj/assets/_commonjsHelpers-042e6b4d.js                   0.78 kB │ gzip:   0.44 kB │ map:     0.11 kB
../../../../../../var/folders/w7/_vgt_k691qj0zcvt0r2xq2d80000gn/T/chromatic--55510-0oHgoq3pf6Yj/assets/index-4d501b15.js                              0.80 kB │ gzip:   0.52 kB │ map:     4.17 kB
../../../../../../var/folders/w7/_vgt_k691qj0zcvt0r2xq2d80000gn/T/chromatic--55510-0oHgoq3pf6Yj/assets/index-356e4a49.js                              0.81 kB │ gzip:   0.51 kB │ map:     3.28 kB
../../../../../../var/folders/w7/_vgt_k691qj0zcvt0r2xq2d80000gn/T/chromatic--55510-0oHgoq3pf6Yj/assets/preview-ffddc6ec.js                            0.83 kB │ gzip:   0.49 kB │ map:     1.30 kB
../../../../../../var/folders/w7/_vgt_k691qj0zcvt0r2xq2d80000gn/T/chromatic--55510-0oHgoq3pf6Yj/assets/preview-b1164a2e.js                            0.88 kB │ gzip:   0.58 kB │ map:     2.86 kB
../../../../../../var/folders/w7/_vgt_k691qj0zcvt0r2xq2d80000gn/T/chromatic--55510-0oHgoq3pf6Yj/assets/preview-bb5acd95.js                            2.38 kB │ gzip:   1.26 kB │ map:    10.45 kB
../../../../../../var/folders/w7/_vgt_k691qj0zcvt0r2xq2d80000gn/T/chromatic--55510-0oHgoq3pf6Yj/assets/index-d37d4223.js                              2.63 kB │ gzip:   1.30 kB │ map:     7.49 kB
../../../../../../var/folders/w7/_vgt_k691qj0zcvt0r2xq2d80000gn/T/chromatic--55510-0oHgoq3pf6Yj/assets/preview-f96f0111.js                            3.29 kB │ gzip:   1.41 kB │ map:    10.14 kB
../../../../../../var/folders/w7/_vgt_k691qj0zcvt0r2xq2d80000gn/T/chromatic--55510-0oHgoq3pf6Yj/assets/Task.stories-065cd412.js                       3.76 kB │ gzip:   1.60 kB │ map:     5.43 kB
../../../../../../var/folders/w7/_vgt_k691qj0zcvt0r2xq2d80000gn/T/chromatic--55510-0oHgoq3pf6Yj/assets/preview-cea55f8f.js                            3.78 kB │ gzip:   1.80 kB │ map:    14.61 kB
../../../../../../var/folders/w7/_vgt_k691qj0zcvt0r2xq2d80000gn/T/chromatic--55510-0oHgoq3pf6Yj/assets/iframe-9e0bf250.js                             4.82 kB │ gzip:   1.71 kB │ map:     5.49 kB
../../../../../../var/folders/w7/_vgt_k691qj0zcvt0r2xq2d80000gn/T/chromatic--55510-0oHgoq3pf6Yj/assets/index-f1f749bf.js                              7.25 kB │ gzip:   2.96 kB │ map:    15.74 kB
../../../../../../var/folders/w7/_vgt_k691qj0zcvt0r2xq2d80000gn/T/chromatic--55510-0oHgoq3pf6Yj/assets/preview-62235626.js                            7.69 kB │ gzip:   1.60 kB │ map:    13.75 kB
../../../../../../var/folders/w7/_vgt_k691qj0zcvt0r2xq2d80000gn/T/chromatic--55510-0oHgoq3pf6Yj/assets/preview-e6f1f377.js                            7.97 kB │ gzip:   3.03 kB │ map:    28.23 kB
../../../../../../var/folders/w7/_vgt_k691qj0zcvt0r2xq2d80000gn/T/chromatic--55510-0oHgoq3pf6Yj/assets/index-078d3f98.js                             10.06 kB │ gzip:   3.66 kB │ map:    26.50 kB
../../../../../../var/folders/w7/_vgt_k691qj0zcvt0r2xq2d80000gn/T/chromatic--55510-0oHgoq3pf6Yj/assets/GlobalScrollAreaStyles-XIHNDKUY-0da691ba.js   10.53 kB │ gzip:   2.40 kB │ map:    15.73 kB
../../../../../../var/folders/w7/_vgt_k691qj0zcvt0r2xq2d80000gn/T/chromatic--55510-0oHgoq3pf6Yj/assets/preview-8e084d2f.js                           11.13 kB │ gzip:   3.76 kB │ map:    41.78 kB
../../../../../../var/folders/w7/_vgt_k691qj0zcvt0r2xq2d80000gn/T/chromatic--55510-0oHgoq3pf6Yj/assets/Color-3YIJY6X7-992d534e.js                    31.11 kB │ gzip:  11.69 kB │ map:   112.77 kB
../../../../../../var/folders/w7/_vgt_k691qj0zcvt0r2xq2d80000gn/T/chromatic--55510-0oHgoq3pf6Yj/assets/TaskList.stories-0c11b62f.js                  40.28 kB │ gzip:  13.94 kB │ map:   235.92 kB
../../../../../../var/folders/w7/_vgt_k691qj0zcvt0r2xq2d80000gn/T/chromatic--55510-0oHgoq3pf6Yj/assets/OverlayScrollbars-VAV6LJAB-d019852f.js        59.11 kB │ gzip:  25.35 kB │ map:   277.23 kB
../../../../../../var/folders/w7/_vgt_k691qj0zcvt0r2xq2d80000gn/T/chromatic--55510-0oHgoq3pf6Yj/assets/_getPrototype-ad889add.js                     78.82 kB │ gzip:  23.65 kB │ map:   329.17 kB
../../../../../../var/folders/w7/_vgt_k691qj0zcvt0r2xq2d80000gn/T/chromatic--55510-0oHgoq3pf6Yj/assets/index-96c5f47c.js                            134.19 kB │ gzip:  43.27 kB │ map:   326.81 kB
../../../../../../var/folders/w7/_vgt_k691qj0zcvt0r2xq2d80000gn/T/chromatic--55510-0oHgoq3pf6Yj/assets/config-c5897f1e.js                           213.66 kB │ gzip:  66.39 kB │ map:   803.49 kB
../../../../../../var/folders/w7/_vgt_k691qj0zcvt0r2xq2d80000gn/T/chromatic--55510-0oHgoq3pf6Yj/assets/InboxScreen.stories-1d9d8842.js              258.23 kB │ gzip:  60.69 kB │ map:   928.84 kB
../../../../../../var/folders/w7/_vgt_k691qj0zcvt0r2xq2d80000gn/T/chromatic--55510-0oHgoq3pf6Yj/assets/index-829e169e.js                            337.26 kB │ gzip:  99.42 kB │ map: 1,437.09 kB
../../../../../../var/folders/w7/_vgt_k691qj0zcvt0r2xq2d80000gn/T/chromatic--55510-0oHgoq3pf6Yj/assets/DocsRenderer-7FRJXR4N-cf5ec90d.js            504.82 kB │ gzip: 166.14 kB │ map: 1,438.01 kB
../../../../../../var/folders/w7/_vgt_k691qj0zcvt0r2xq2d80000gn/T/chromatic--55510-0oHgoq3pf6Yj/assets/formatter-S4K5WUZV-31ede1cf.js               601.76 kB │ gzip: 185.09 kB │ map: 1,316.00 kB

(!) Some chunks are larger than 500 kBs after minification. Consider:
- Using dynamic import() to code-split the application
- Use build.rollupOptions.output.manualChunks to improve chunking: https://rollupjs.org/configuration-options/#output-manualchunks
- Adjust chunk size limit for this warning via build.chunkSizeWarningLimit.
✓ built in 19.31s
info => Output directory: /var/folders/w7/_vgt_k691qj0zcvt0r2xq2d80000gn/T/chromatic--55510-0oHgoq3pf6Yj
